<?xml version="1.0" encoding="UTF-8"?>
<!-- Generated by org.testng.reporters.JUnitXMLReporter -->
<testsuite ignored="3" hostname="Aishu" failures="1" tests="1" name="Test1" time="0.052" errors="0" timestamp="2025-09-03T02:51:48 IST">
  <testcase classname="testscript.Loginpagetest" name="verifyusercanabletologincorrectusernameandpassword" time="0.0">
    <failure type="org.testng.TestNGException" message="
Parameter &amp;apos;username&amp;apos; is required by @Test on method verifyusercanabletologincorrectusernameandpassword but has not been marked @Optional or defined
in C:\Users\aiswa\eclipse-workspace\7RMartSuperMarket\testng.xml">
      <![CDATA[org.testng.TestNGException: 
Parameter 'username' is required by @Test on method verifyusercanabletologincorrectusernameandpassword but has not been marked @Optional or defined
in C:\Users\aiswa\eclipse-workspace\7RMartSuperMarket\testng.xml
at java.base/java.util.ArrayList.forEach(ArrayList.java:1511)
... Removed 26 stack frames]]>
    </failure>
  </testcase> <!-- verifyusercanabletologincorrectusernameandpassword -->
  <testcase classname="testscript.Loginpagetest" name="verifyusercanabletologincorrectusernameandincorrectpassword" time="0.0">
    <ignored/>
  </testcase> <!-- verifyusercanabletologincorrectusernameandincorrectpassword -->
  <testcase classname="testscript.Loginpagetest" name="verifyusercanabletologinincorrectusernameandincorrectpassword" time="0.0">
    <ignored/>
  </testcase> <!-- verifyusercanabletologinincorrectusernameandincorrectpassword -->
  <testcase classname="testscript.Loginpagetest" name="verifyusercanabletologinincorrectusernameandcorrectpassword" time="0.0">
    <ignored/>
  </testcase> <!-- verifyusercanabletologinincorrectusernameandcorrectpassword -->
</testsuite> <!-- Test1 -->
